<?xml version="1.0" encoding="UTF-8"?>
<coverage generated="1517715800652" clover="3.2.0">
  <project timestamp="1517715800652" name="All files">
    <metrics statements="71" coveredstatements="42" conditionals="12" coveredconditionals="3" methods="25" coveredmethods="7" elements="108" coveredelements="52" complexity="0" loc="71" ncloc="71" packages="4" files="5" classes="5">
      <package name="__test__.lib">
        <metrics statements="1" coveredstatements="1" conditionals="0" coveredconditionals="0" methods="0" coveredmethods="0"/>
        <file name="jest-setup.js" path="/home/montgomeryrd/codefellows/lab-richard/13-mongo-mongoose/lab-richard/__test__/lib/jest-setup.js">
          <metrics statements="1" coveredstatements="1" conditionals="0" coveredconditionals="0" methods="0" coveredmethods="0"/>
          <line num="3" count="5" type="stmt"/>
        </file>
      </package>
      <package name="lib">
        <metrics statements="38" coveredstatements="30" conditionals="10" coveredconditionals="3" methods="8" coveredmethods="6"/>
        <file name="error-handler.js" path="/home/montgomeryrd/codefellows/lab-richard/13-mongo-mongoose/lab-richard/lib/error-handler.js">
          <metrics statements="9" coveredstatements="1" conditionals="6" coveredconditionals="0" methods="1" coveredmethods="0"/>
          <line num="3" count="5" type="stmt"/>
          <line num="4" count="0" type="stmt"/>
          <line num="6" count="0" type="cond" truecount="0" falsecount="6"/>
          <line num="7" count="0" type="stmt"/>
          <line num="8" count="0" type="stmt"/>
          <line num="9" count="0" type="stmt"/>
          <line num="10" count="0" type="stmt"/>
          <line num="11" count="0" type="stmt"/>
          <line num="12" count="0" type="stmt"/>
        </file>
        <file name="server.js" path="/home/montgomeryrd/codefellows/lab-richard/13-mongo-mongoose/lab-richard/lib/server.js">
          <metrics statements="29" coveredstatements="29" conditionals="4" coveredconditionals="3" methods="7" coveredmethods="6"/>
          <line num="4" count="4" type="stmt"/>
          <line num="5" count="4" type="stmt"/>
          <line num="6" count="4" type="stmt"/>
          <line num="7" count="4" type="stmt"/>
          <line num="10" count="4" type="stmt"/>
          <line num="11" count="4" type="stmt"/>
          <line num="12" count="4" type="stmt"/>
          <line num="13" count="4" type="stmt"/>
          <line num="16" count="4" type="stmt"/>
          <line num="17" count="4" type="stmt"/>
          <line num="18" count="4" type="stmt"/>
          <line num="19" count="4" type="stmt"/>
          <line num="22" count="4" type="stmt"/>
          <line num="23" count="4" type="stmt"/>
          <line num="24" count="5" type="stmt"/>
          <line num="25" count="5" type="cond" truecount="2" falsecount="0"/>
          <line num="27" count="4" type="stmt"/>
          <line num="28" count="4" type="stmt"/>
          <line num="29" count="4" type="stmt"/>
          <line num="30" count="4" type="stmt"/>
          <line num="31" count="4" type="stmt"/>
          <line num="36" count="4" type="stmt"/>
          <line num="37" count="4" type="stmt"/>
          <line num="38" count="4" type="cond" truecount="1" falsecount="1"/>
          <line num="39" count="4" type="stmt"/>
          <line num="40" count="4" type="stmt"/>
          <line num="42" count="4" type="stmt"/>
          <line num="43" count="4" type="stmt"/>
          <line num="44" count="4" type="stmt"/>
        </file>
      </package>
      <package name="model">
        <metrics statements="5" coveredstatements="5" conditionals="0" coveredconditionals="0" methods="0" coveredmethods="0"/>
        <file name="something.js" path="/home/montgomeryrd/codefellows/lab-richard/13-mongo-mongoose/lab-richard/model/something.js">
          <metrics statements="5" coveredstatements="5" conditionals="0" coveredconditionals="0" methods="0" coveredmethods="0"/>
          <line num="3" count="4" type="stmt"/>
          <line num="4" count="4" type="stmt"/>
          <line num="6" count="4" type="stmt"/>
          <line num="12" count="4" type="stmt"/>
          <line num="14" count="4" type="stmt"/>
        </file>
      </package>
      <package name="route">
        <metrics statements="27" coveredstatements="6" conditionals="2" coveredconditionals="0" methods="17" coveredmethods="1"/>
        <file name="route-something.js" path="/home/montgomeryrd/codefellows/lab-richard/13-mongo-mongoose/lab-richard/route/route-something.js">
          <metrics statements="27" coveredstatements="6" conditionals="2" coveredconditionals="0" methods="17" coveredmethods="1"/>
          <line num="3" count="4" type="stmt"/>
          <line num="4" count="4" type="stmt"/>
          <line num="5" count="4" type="stmt"/>
          <line num="6" count="4" type="stmt"/>
          <line num="8" count="4" type="stmt"/>
          <line num="10" count="4" type="stmt"/>
          <line num="12" count="0" type="stmt"/>
          <line num="13" count="0" type="cond" truecount="0" falsecount="2"/>
          <line num="14" count="0" type="stmt"/>
          <line num="15" count="0" type="stmt"/>
          <line num="16" count="0" type="stmt"/>
          <line num="19" count="0" type="stmt"/>
          <line num="20" count="0" type="stmt"/>
          <line num="21" count="0" type="stmt"/>
          <line num="22" count="0" type="stmt"/>
          <line num="26" count="0" type="stmt"/>
          <line num="27" count="0" type="stmt"/>
          <line num="28" count="0" type="stmt"/>
          <line num="29" count="0" type="stmt"/>
          <line num="33" count="0" type="stmt"/>
          <line num="34" count="0" type="stmt"/>
          <line num="35" count="0" type="stmt"/>
          <line num="36" count="0" type="stmt"/>
          <line num="40" count="0" type="stmt"/>
          <line num="41" count="0" type="stmt"/>
          <line num="42" count="0" type="stmt"/>
          <line num="43" count="0" type="stmt"/>
        </file>
      </package>
    </metrics>
  </project>
</coverage>
