<?xml version="1.0" encoding="UTF-8"?>
<coverage generated="1517464429378" clover="3.2.0">
  <project timestamp="1517464429379" name="All files">
    <metrics statements="10" coveredstatements="5" conditionals="6" coveredconditionals="1" methods="1" coveredmethods="1" elements="17" coveredelements="7" complexity="0" loc="10" ncloc="10" packages="2" files="2" classes="2">
      <package name="__test__.lib">
        <metrics statements="1" coveredstatements="1" conditionals="0" coveredconditionals="0" methods="0" coveredmethods="0"/>
        <file name="jest-setup.js" path="/home/montgomeryrd/codefellows/lab-richard/13-mongo-mongoose/lab-richard/__test__/lib/jest-setup.js">
          <metrics statements="1" coveredstatements="1" conditionals="0" coveredconditionals="0" methods="0" coveredmethods="0"/>
          <line num="3" count="1" type="stmt"/>
        </file>
      </package>
      <package name="lib">
        <metrics statements="9" coveredstatements="4" conditionals="6" coveredconditionals="1" methods="1" coveredmethods="1"/>
        <file name="error-handler.js" path="/home/montgomeryrd/codefellows/lab-richard/13-mongo-mongoose/lab-richard/lib/error-handler.js">
          <metrics statements="9" coveredstatements="4" conditionals="6" coveredconditionals="1" methods="1" coveredmethods="1"/>
          <line num="3" count="1" type="stmt"/>
          <line num="4" count="2" type="stmt"/>
          <line num="6" count="2" type="cond" truecount="1" falsecount="5"/>
          <line num="7" count="2" type="stmt"/>
          <line num="8" count="0" type="stmt"/>
          <line num="9" count="0" type="stmt"/>
          <line num="10" count="0" type="stmt"/>
          <line num="11" count="0" type="stmt"/>
          <line num="12" count="0" type="stmt"/>
        </file>
      </package>
    </metrics>
  </project>
</coverage>
