{"/home/montgomeryrd/codefellows/lab-richard/13-mongo-mongoose/lab-richard/__test__/lib/jest-setup.js": {"path":"/home/montgomeryrd/codefellows/lab-richard/13-mongo-mongoose/lab-richard/__test__/lib/jest-setup.js","statementMap":{"0":{"start":{"line":3,"column":0},"end":{"line":3,"column":61}}},"fnMap":{},"branchMap":{},"s":{"0":5},"f":{},"b":{},"_coverageSchema":"332fd63041d2c1bcb487cc26dd0d5f7d97098a6c","hash":"f65bb7fd8b6aafaabcd7b45b8c5a8b0bb340287a"}
,"/home/montgomeryrd/codefellows/lab-richard/13-mongo-mongoose/lab-richard/lib/error-handler.js": {"path":"/home/montgomeryrd/codefellows/lab-richard/13-mongo-mongoose/lab-richard/lib/error-handler.js","statementMap":{"0":{"start":{"line":3,"column":0},"end":{"line":14,"column":2}},"1":{"start":{"line":4,"column":18},"end":{"line":4,"column":43}},"2":{"start":{"line":6,"column":4},"end":{"line":13,"column":5}},"3":{"start":{"line":7,"column":47},"end":{"line":7,"column":106}},"4":{"start":{"line":8,"column":37},"end":{"line":8,"column":96}},"5":{"start":{"line":9,"column":41},"end":{"line":9,"column":100}},"6":{"start":{"line":10,"column":46},"end":{"line":10,"column":105}},"7":{"start":{"line":11,"column":44},"end":{"line":11,"column":103}},"8":{"start":{"line":12,"column":13},"end":{"line":12,"column":72}}},"fnMap":{"0":{"name":"(anonymous_0)","decl":{"start":{"line":3,"column":17},"end":{"line":3,"column":18}},"loc":{"start":{"line":3,"column":36},"end":{"line":14,"column":1}},"line":3}},"branchMap":{"0":{"loc":{"start":{"line":6,"column":4},"end":{"line":13,"column":5}},"type":"switch","locations":[{"start":{"line":7,"column":4},"end":{"line":7,"column":106}},{"start":{"line":8,"column":4},"end":{"line":8,"column":96}},{"start":{"line":9,"column":4},"end":{"line":9,"column":100}},{"start":{"line":10,"column":4},"end":{"line":10,"column":105}},{"start":{"line":11,"column":4},"end":{"line":11,"column":103}},{"start":{"line":12,"column":4},"end":{"line":12,"column":72}}],"line":6}},"s":{"0":5,"1":0,"2":0,"3":0,"4":0,"5":0,"6":0,"7":0,"8":0},"f":{"0":0},"b":{"0":[0,0,0,0,0,0]},"_coverageSchema":"332fd63041d2c1bcb487cc26dd0d5f7d97098a6c","hash":"ea2df1ac1445a1dd3d32e21efe97c418943a995b"}
,"/home/montgomeryrd/codefellows/lab-richard/13-mongo-mongoose/lab-richard/lib/server.js": {"path":"/home/montgomeryrd/codefellows/lab-richard/13-mongo-mongoose/lab-richard/lib/server.js","statementMap":{"0":{"start":{"line":4,"column":16},"end":{"line":4,"column":34}},"1":{"start":{"line":5,"column":17},"end":{"line":5,"column":36}},"2":{"start":{"line":6,"column":13},"end":{"line":6,"column":28}},"3":{"start":{"line":7,"column":21},"end":{"line":7,"column":47}},"4":{"start":{"line":10,"column":12},"end":{"line":10,"column":21}},"5":{"start":{"line":11,"column":13},"end":{"line":11,"column":29}},"6":{"start":{"line":12,"column":15},"end":{"line":12,"column":31}},"7":{"start":{"line":13,"column":20},"end":{"line":13,"column":43}},"8":{"start":{"line":16,"column":0},"end":{"line":16,"column":16}},"9":{"start":{"line":17,"column":0},"end":{"line":17,"column":27}},"10":{"start":{"line":18,"column":0},"end":{"line":18,"column":44}},"11":{"start":{"line":19,"column":0},"end":{"line":19,"column":93}},"12":{"start":{"line":19,"column":31},"end":{"line":19,"column":91}},"13":{"start":{"line":22,"column":15},"end":{"line":22,"column":34}},"14":{"start":{"line":23,"column":0},"end":{"line":34,"column":2}},"15":{"start":{"line":24,"column":4},"end":{"line":33,"column":7}},"16":{"start":{"line":25,"column":8},"end":{"line":25,"column":94}},"17":{"start":{"line":25,"column":24},"end":{"line":25,"column":94}},"18":{"start":{"line":27,"column":8},"end":{"line":32,"column":11}},"19":{"start":{"line":28,"column":12},"end":{"line":28,"column":48}},"20":{"start":{"line":29,"column":12},"end":{"line":29,"column":31}},"21":{"start":{"line":30,"column":12},"end":{"line":30,"column":54}},"22":{"start":{"line":31,"column":12},"end":{"line":31,"column":35}},"23":{"start":{"line":36,"column":0},"end":{"line":47,"column":2}},"24":{"start":{"line":37,"column":4},"end":{"line":46,"column":7}},"25":{"start":{"line":38,"column":8},"end":{"line":38,"column":96}},"26":{"start":{"line":38,"column":25},"end":{"line":38,"column":96}},"27":{"start":{"line":39,"column":8},"end":{"line":45,"column":11}},"28":{"start":{"line":40,"column":12},"end":{"line":40,"column":49}},"29":{"start":{"line":42,"column":12},"end":{"line":42,"column":34}},"30":{"start":{"line":43,"column":12},"end":{"line":43,"column":32}},"31":{"start":{"line":44,"column":12},"end":{"line":44,"column":35}}},"fnMap":{"0":{"name":"(anonymous_0)","decl":{"start":{"line":19,"column":17},"end":{"line":19,"column":18}},"loc":{"start":{"line":19,"column":31},"end":{"line":19,"column":91}},"line":19},"1":{"name":"(anonymous_1)","decl":{"start":{"line":23,"column":15},"end":{"line":23,"column":16}},"loc":{"start":{"line":23,"column":21},"end":{"line":34,"column":1}},"line":23},"2":{"name":"(anonymous_2)","decl":{"start":{"line":24,"column":23},"end":{"line":24,"column":24}},"loc":{"start":{"line":24,"column":44},"end":{"line":33,"column":5}},"line":24},"3":{"name":"(anonymous_3)","decl":{"start":{"line":27,"column":39},"end":{"line":27,"column":40}},"loc":{"start":{"line":27,"column":45},"end":{"line":32,"column":9}},"line":27},"4":{"name":"(anonymous_4)","decl":{"start":{"line":36,"column":14},"end":{"line":36,"column":15}},"loc":{"start":{"line":36,"column":20},"end":{"line":47,"column":1}},"line":36},"5":{"name":"(anonymous_5)","decl":{"start":{"line":37,"column":23},"end":{"line":37,"column":24}},"loc":{"start":{"line":37,"column":44},"end":{"line":46,"column":5}},"line":37},"6":{"name":"(anonymous_6)","decl":{"start":{"line":39,"column":26},"end":{"line":39,"column":27}},"loc":{"start":{"line":39,"column":32},"end":{"line":45,"column":9}},"line":39}},"branchMap":{"0":{"loc":{"start":{"line":25,"column":8},"end":{"line":25,"column":94}},"type":"if","locations":[{"start":{"line":25,"column":8},"end":{"line":25,"column":94}},{"start":{"line":25,"column":8},"end":{"line":25,"column":94}}],"line":25},"1":{"loc":{"start":{"line":38,"column":8},"end":{"line":38,"column":96}},"type":"if","locations":[{"start":{"line":38,"column":8},"end":{"line":38,"column":96}},{"start":{"line":38,"column":8},"end":{"line":38,"column":96}}],"line":38}},"s":{"0":4,"1":4,"2":4,"3":4,"4":4,"5":4,"6":4,"7":4,"8":4,"9":4,"10":4,"11":4,"12":0,"13":4,"14":4,"15":5,"16":5,"17":1,"18":4,"19":4,"20":4,"21":4,"22":4,"23":4,"24":4,"25":4,"26":0,"27":4,"28":4,"29":4,"30":4,"31":4},"f":{"0":0,"1":5,"2":5,"3":4,"4":4,"5":4,"6":4},"b":{"0":[1,4],"1":[0,4]},"_coverageSchema":"332fd63041d2c1bcb487cc26dd0d5f7d97098a6c","hash":"4de1b9a5649bf65501af83799895926d7f327f5f"}
,"/home/montgomeryrd/codefellows/lab-richard/13-mongo-mongoose/lab-richard/model/something.js": {"path":"/home/montgomeryrd/codefellows/lab-richard/13-mongo-mongoose/lab-richard/model/something.js","statementMap":{"0":{"start":{"line":3,"column":17},"end":{"line":3,"column":36}},"1":{"start":{"line":4,"column":14},"end":{"line":4,"column":48}},"2":{"start":{"line":6,"column":18},"end":{"line":11,"column":23}},"3":{"start":{"line":12,"column":0},"end":{"line":12,"column":22}},"4":{"start":{"line":14,"column":0},"end":{"line":14,"column":56}}},"fnMap":{},"branchMap":{},"s":{"0":4,"1":4,"2":4,"3":4,"4":4},"f":{},"b":{},"_coverageSchema":"332fd63041d2c1bcb487cc26dd0d5f7d97098a6c","hash":"4e5741fc4d5d418a429efd35046e47fafbba88b6"}
,"/home/montgomeryrd/codefellows/lab-richard/13-mongo-mongoose/lab-richard/route/route-something.js": {"path":"/home/montgomeryrd/codefellows/lab-richard/13-mongo-mongoose/lab-richard/route/route-something.js","statementMap":{"0":{"start":{"line":3,"column":18},"end":{"line":3,"column":47}},"1":{"start":{"line":4,"column":19},"end":{"line":4,"column":48}},"2":{"start":{"line":5,"column":21},"end":{"line":5,"column":52}},"3":{"start":{"line":6,"column":14},"end":{"line":6,"column":54}},"4":{"start":{"line":8,"column":0},"end":{"line":46,"column":2}},"5":{"start":{"line":10,"column":4},"end":{"line":44,"column":11}},"6":{"start":{"line":12,"column":12},"end":{"line":12,"column":33}},"7":{"start":{"line":13,"column":12},"end":{"line":17,"column":13}},"8":{"start":{"line":14,"column":16},"end":{"line":16,"column":58}},"9":{"start":{"line":15,"column":39},"end":{"line":15,"column":70}},"10":{"start":{"line":16,"column":34},"end":{"line":16,"column":56}},"11":{"start":{"line":19,"column":12},"end":{"line":22,"column":54}},"12":{"start":{"line":20,"column":36},"end":{"line":20,"column":62}},"13":{"start":{"line":20,"column":56},"end":{"line":20,"column":61}},"14":{"start":{"line":21,"column":29},"end":{"line":21,"column":54}},"15":{"start":{"line":22,"column":30},"end":{"line":22,"column":52}},"16":{"start":{"line":26,"column":12},"end":{"line":26,"column":34}},"17":{"start":{"line":27,"column":12},"end":{"line":29,"column":54}},"18":{"start":{"line":28,"column":35},"end":{"line":28,"column":66}},"19":{"start":{"line":29,"column":30},"end":{"line":29,"column":52}},"20":{"start":{"line":33,"column":12},"end":{"line":33,"column":33}},"21":{"start":{"line":34,"column":12},"end":{"line":36,"column":54}},"22":{"start":{"line":35,"column":35},"end":{"line":35,"column":66}},"23":{"start":{"line":36,"column":30},"end":{"line":36,"column":52}},"24":{"start":{"line":40,"column":12},"end":{"line":40,"column":36}},"25":{"start":{"line":41,"column":12},"end":{"line":43,"column":54}},"26":{"start":{"line":42,"column":28},"end":{"line":42,"column":43}},"27":{"start":{"line":43,"column":30},"end":{"line":43,"column":52}}},"fnMap":{"0":{"name":"(anonymous_0)","decl":{"start":{"line":8,"column":17},"end":{"line":8,"column":18}},"loc":{"start":{"line":8,"column":34},"end":{"line":46,"column":1}},"line":8},"1":{"name":"(anonymous_1)","decl":{"start":{"line":11,"column":13},"end":{"line":11,"column":14}},"loc":{"start":{"line":11,"column":27},"end":{"line":23,"column":9}},"line":11},"2":{"name":"(anonymous_2)","decl":{"start":{"line":15,"column":26},"end":{"line":15,"column":27}},"loc":{"start":{"line":15,"column":39},"end":{"line":15,"column":70}},"line":15},"3":{"name":"(anonymous_3)","decl":{"start":{"line":16,"column":27},"end":{"line":16,"column":28}},"loc":{"start":{"line":16,"column":34},"end":{"line":16,"column":56}},"line":16},"4":{"name":"(anonymous_4)","decl":{"start":{"line":20,"column":22},"end":{"line":20,"column":23}},"loc":{"start":{"line":20,"column":36},"end":{"line":20,"column":62}},"line":20},"5":{"name":"(anonymous_5)","decl":{"start":{"line":20,"column":51},"end":{"line":20,"column":52}},"loc":{"start":{"line":20,"column":56},"end":{"line":20,"column":61}},"line":20},"6":{"name":"(anonymous_6)","decl":{"start":{"line":21,"column":22},"end":{"line":21,"column":23}},"loc":{"start":{"line":21,"column":29},"end":{"line":21,"column":54}},"line":21},"7":{"name":"(anonymous_7)","decl":{"start":{"line":22,"column":23},"end":{"line":22,"column":24}},"loc":{"start":{"line":22,"column":30},"end":{"line":22,"column":52}},"line":22},"8":{"name":"(anonymous_8)","decl":{"start":{"line":25,"column":26},"end":{"line":25,"column":27}},"loc":{"start":{"line":25,"column":40},"end":{"line":30,"column":9}},"line":25},"9":{"name":"(anonymous_9)","decl":{"start":{"line":28,"column":22},"end":{"line":28,"column":23}},"loc":{"start":{"line":28,"column":35},"end":{"line":28,"column":66}},"line":28},"10":{"name":"(anonymous_10)","decl":{"start":{"line":29,"column":23},"end":{"line":29,"column":24}},"loc":{"start":{"line":29,"column":30},"end":{"line":29,"column":52}},"line":29},"11":{"name":"(anonymous_11)","decl":{"start":{"line":32,"column":25},"end":{"line":32,"column":26}},"loc":{"start":{"line":32,"column":39},"end":{"line":37,"column":9}},"line":32},"12":{"name":"(anonymous_12)","decl":{"start":{"line":35,"column":22},"end":{"line":35,"column":23}},"loc":{"start":{"line":35,"column":35},"end":{"line":35,"column":66}},"line":35},"13":{"name":"(anonymous_13)","decl":{"start":{"line":36,"column":23},"end":{"line":36,"column":24}},"loc":{"start":{"line":36,"column":30},"end":{"line":36,"column":52}},"line":36},"14":{"name":"(anonymous_14)","decl":{"start":{"line":39,"column":16},"end":{"line":39,"column":17}},"loc":{"start":{"line":39,"column":30},"end":{"line":44,"column":9}},"line":39},"15":{"name":"(anonymous_15)","decl":{"start":{"line":42,"column":22},"end":{"line":42,"column":23}},"loc":{"start":{"line":42,"column":28},"end":{"line":42,"column":43}},"line":42},"16":{"name":"(anonymous_16)","decl":{"start":{"line":43,"column":23},"end":{"line":43,"column":24}},"loc":{"start":{"line":43,"column":30},"end":{"line":43,"column":52}},"line":43}},"branchMap":{"0":{"loc":{"start":{"line":13,"column":12},"end":{"line":17,"column":13}},"type":"if","locations":[{"start":{"line":13,"column":12},"end":{"line":17,"column":13}},{"start":{"line":13,"column":12},"end":{"line":17,"column":13}}],"line":13}},"s":{"0":4,"1":4,"2":4,"3":4,"4":4,"5":4,"6":0,"7":0,"8":0,"9":0,"10":0,"11":0,"12":0,"13":0,"14":0,"15":0,"16":0,"17":0,"18":0,"19":0,"20":0,"21":0,"22":0,"23":0,"24":0,"25":0,"26":0,"27":0},"f":{"0":4,"1":0,"2":0,"3":0,"4":0,"5":0,"6":0,"7":0,"8":0,"9":0,"10":0,"11":0,"12":0,"13":0,"14":0,"15":0,"16":0},"b":{"0":[0,0]},"_coverageSchema":"332fd63041d2c1bcb487cc26dd0d5f7d97098a6c","hash":"68dfdcf8ef597fabc5f97572611c730cdd2d2d53"}
}
