{"/home/montgomeryrd/codefellows/lab-richard/13-mongo-mongoose/lab-richard/__test__/lib/jest-setup.js": {"path":"/home/montgomeryrd/codefellows/lab-richard/13-mongo-mongoose/lab-richard/__test__/lib/jest-setup.js","statementMap":{"0":{"start":{"line":3,"column":0},"end":{"line":3,"column":61}}},"fnMap":{},"branchMap":{},"s":{"0":1},"f":{},"b":{},"_coverageSchema":"332fd63041d2c1bcb487cc26dd0d5f7d97098a6c","hash":"f65bb7fd8b6aafaabcd7b45b8c5a8b0bb340287a"}
,"/home/montgomeryrd/codefellows/lab-richard/13-mongo-mongoose/lab-richard/lib/error-handler.js": {"path":"/home/montgomeryrd/codefellows/lab-richard/13-mongo-mongoose/lab-richard/lib/error-handler.js","statementMap":{"0":{"start":{"line":3,"column":0},"end":{"line":14,"column":2}},"1":{"start":{"line":4,"column":18},"end":{"line":4,"column":43}},"2":{"start":{"line":6,"column":4},"end":{"line":13,"column":5}},"3":{"start":{"line":7,"column":47},"end":{"line":7,"column":106}},"4":{"start":{"line":8,"column":37},"end":{"line":8,"column":96}},"5":{"start":{"line":9,"column":41},"end":{"line":9,"column":100}},"6":{"start":{"line":10,"column":46},"end":{"line":10,"column":105}},"7":{"start":{"line":11,"column":44},"end":{"line":11,"column":103}},"8":{"start":{"line":12,"column":13},"end":{"line":12,"column":72}}},"fnMap":{"0":{"name":"(anonymous_0)","decl":{"start":{"line":3,"column":17},"end":{"line":3,"column":18}},"loc":{"start":{"line":3,"column":36},"end":{"line":14,"column":1}},"line":3}},"branchMap":{"0":{"loc":{"start":{"line":6,"column":4},"end":{"line":13,"column":5}},"type":"switch","locations":[{"start":{"line":7,"column":4},"end":{"line":7,"column":106}},{"start":{"line":8,"column":4},"end":{"line":8,"column":96}},{"start":{"line":9,"column":4},"end":{"line":9,"column":100}},{"start":{"line":10,"column":4},"end":{"line":10,"column":105}},{"start":{"line":11,"column":4},"end":{"line":11,"column":103}},{"start":{"line":12,"column":4},"end":{"line":12,"column":72}}],"line":6}},"s":{"0":1,"1":2,"2":2,"3":2,"4":0,"5":0,"6":0,"7":0,"8":0},"f":{"0":2},"b":{"0":[2,0,0,0,0,0]},"_coverageSchema":"332fd63041d2c1bcb487cc26dd0d5f7d97098a6c","hash":"ea2df1ac1445a1dd3d32e21efe97c418943a995b"}
}
