TN:
SF:/home/montgomeryrd/codefellows/lab-richard/13-mongo-mongoose/lab-richard/__test__/lib/jest-setup.js
FNF:0
FNH:0
DA:3,5
LF:1
LH:1
BRF:0
BRH:0
end_of_record
TN:
SF:/home/montgomeryrd/codefellows/lab-richard/13-mongo-mongoose/lab-richard/lib/error-handler.js
FN:3,(anonymous_0)
FNF:1
FNH:0
FNDA:0,(anonymous_0)
DA:3,5
DA:4,0
DA:6,0
DA:7,0
DA:8,0
DA:9,0
DA:10,0
DA:11,0
DA:12,0
LF:9
LH:1
BRDA:6,0,0,0
BRDA:6,0,1,0
BRDA:6,0,2,0
BRDA:6,0,3,0
BRDA:6,0,4,0
BRDA:6,0,5,0
BRF:6
BRH:0
end_of_record
TN:
SF:/home/montgomeryrd/codefellows/lab-richard/13-mongo-mongoose/lab-richard/lib/server.js
FN:19,(anonymous_0)
FN:23,(anonymous_1)
FN:24,(anonymous_2)
FN:27,(anonymous_3)
FN:36,(anonymous_4)
FN:37,(anonymous_5)
FN:39,(anonymous_6)
FNF:7
FNH:6
FNDA:0,(anonymous_0)
FNDA:5,(anonymous_1)
FNDA:5,(anonymous_2)
FNDA:4,(anonymous_3)
FNDA:4,(anonymous_4)
FNDA:4,(anonymous_5)
FNDA:4,(anonymous_6)
DA:4,4
DA:5,4
DA:6,4
DA:7,4
DA:10,4
DA:11,4
DA:12,4
DA:13,4
DA:16,4
DA:17,4
DA:18,4
DA:19,4
DA:22,4
DA:23,4
DA:24,5
DA:25,5
DA:27,4
DA:28,4
DA:29,4
DA:30,4
DA:31,4
DA:36,4
DA:37,4
DA:38,4
DA:39,4
DA:40,4
DA:42,4
DA:43,4
DA:44,4
LF:29
LH:29
BRDA:25,0,0,1
BRDA:25,0,1,4
BRDA:38,1,0,0
BRDA:38,1,1,4
BRF:4
BRH:3
end_of_record
TN:
SF:/home/montgomeryrd/codefellows/lab-richard/13-mongo-mongoose/lab-richard/model/something.js
FNF:0
FNH:0
DA:3,4
DA:4,4
DA:6,4
DA:12,4
DA:14,4
LF:5
LH:5
BRF:0
BRH:0
end_of_record
TN:
SF:/home/montgomeryrd/codefellows/lab-richard/13-mongo-mongoose/lab-richard/route/route-something.js
FN:8,(anonymous_0)
FN:11,(anonymous_1)
FN:15,(anonymous_2)
FN:16,(anonymous_3)
FN:20,(anonymous_4)
FN:20,(anonymous_5)
FN:21,(anonymous_6)
FN:22,(anonymous_7)
FN:25,(anonymous_8)
FN:28,(anonymous_9)
FN:29,(anonymous_10)
FN:32,(anonymous_11)
FN:35,(anonymous_12)
FN:36,(anonymous_13)
FN:39,(anonymous_14)
FN:42,(anonymous_15)
FN:43,(anonymous_16)
FNF:17
FNH:1
FNDA:4,(anonymous_0)
FNDA:0,(anonymous_1)
FNDA:0,(anonymous_2)
FNDA:0,(anonymous_3)
FNDA:0,(anonymous_4)
FNDA:0,(anonymous_5)
FNDA:0,(anonymous_6)
FNDA:0,(anonymous_7)
FNDA:0,(anonymous_8)
FNDA:0,(anonymous_9)
FNDA:0,(anonymous_10)
FNDA:0,(anonymous_11)
FNDA:0,(anonymous_12)
FNDA:0,(anonymous_13)
FNDA:0,(anonymous_14)
FNDA:0,(anonymous_15)
FNDA:0,(anonymous_16)
DA:3,4
DA:4,4
DA:5,4
DA:6,4
DA:8,4
DA:10,4
DA:12,0
DA:13,0
DA:14,0
DA:15,0
DA:16,0
DA:19,0
DA:20,0
DA:21,0
DA:22,0
DA:26,0
DA:27,0
DA:28,0
DA:29,0
DA:33,0
DA:34,0
DA:35,0
DA:36,0
DA:40,0
DA:41,0
DA:42,0
DA:43,0
LF:27
LH:6
BRDA:13,0,0,0
BRDA:13,0,1,0
BRF:2
BRH:0
end_of_record
